1702157417587	geckodriver	INFO	Listening on 127.0.0.1:55892
1702157420653	mozrunner::runner	INFO	Running command: "C:\\Program Files\\Mozilla Firefox\\firefox.exe" "--marionette" "-headless" "--remote-debugging-port" "5589 ... "--remote-allow-hosts" "localhost" "-no-remote" "-profile" "C:\\Users\\omistaja\\AppData\\Local\\Temp\\rust_mozprofile196BHC"
*** You are running in headless mode.
console.warn: services.settings: Ignoring preference override of remote settings server
console.warn: services.settings: Allow by setting MOZ_REMOTE_SETTINGS_DEVTOOLS=1 in the environment
1702157420963	Marionette	INFO	Marionette enabled
Dynamically enable window occlusion 0
1702157421036	Marionette	INFO	Listening on port 55902
WebDriver BiDi listening on ws://127.0.0.1:55893
Read port: 55902
1702157421229	RemoteAgent	WARN	TLS certificate errors will be ignored for this session
[GFX1-]: RenderCompositorSWGL failed mapping default framebuffer, no dt
console.error: ({})
DevTools listening on ws://127.0.0.1:55893/devtools/browser/70a75077-74e1-421e-afc5-d294b09481a2
JavaScript warning: https://pagead2.googlesyndication.com/bg/Dtt_-LR3WxpzwV0Gscftq1A_D1owstvxoTnWWhwY4Ow.js line 2 > eval line 2529 > eval line 1 > eval line 1 > eval, line 1: WEBGL_debug_renderer_info is deprecated in Firefox and will be removed. Please use RENDERER.
console.warn: LoginRecipes: "Falling back to a synchronous message for: https://magento.softwaretestingboard.com."
console.warn: LoginRecipes: "Falling back to a synchronous message for: https://magento.softwaretestingboard.com."
console.warn: LoginRecipes: "Falling back to a synchronous message for: https://magento.softwaretestingboard.com."
console.warn: LoginRecipes: "Falling back to a synchronous message for: https://magento.softwaretestingboard.com."
console.warn: LoginRecipes: "Falling back to a synchronous message for: https://magento.softwaretestingboard.com."
console.warn: LoginRecipes: "Falling back to a synchronous message for: https://magento.softwaretestingboard.com."
JavaScript warning: https://www.googletagservices.com/activeview/js/current/ufs_web_display.js?cache=r20110914, line 44: Script terminated by timeout at:
Sa.prototype.flush@https://www.googletagservices.com/activeview/js/current/ufs_web_display.js?cache=r20110914:44:87
Ua@https://www.googletagservices.com/activeview/js/current/ufs_web_display.js?cache=r20110914:43:466
Ih/c/</<@https://www.googletagservices.com/activeview/js/current/ufs_web_display.js?cache=r20110914:150:292
n.Id@https://www.googletagservices.com/activeview/js/current/ufs_web_display.js?cache=r20110914:75:428
n.next@https://www.googletagservices.com/activeview/js/current/ufs_web_display.js?cache=r20110914:74:440
n.o@https://www.googletagservices.com/activeview/js/current/ufs_web_display.js?cache=r20110914:73:224
n.next@https://www.googletagservices.com/activeview/js/current/ufs_web_display.js?cache=r20110914:72:859
Sg/</</</<@https://www.googletagservices.com/activeview/js/current/ufs_web_display.js?cache=r20110914:136:458
Qa.prototype.Wb/<@https://www.googletagservices.com/activeview/js/current/ufs_web_display.js?cache=r20110914:43:298
Sg/</</<@https://www.googletagservices.com/activeview/js/current/ufs_web_display.js?cache=r20110914:136:467
n.Id@https://www.googletagservices.com/activeview/js/current/ufs_web_display.js?cache=r20110914:75:428
n.next@https://www.googletagservices.com/activeview/js/current/ufs_web_display.js?cache=r20110914:74:440
n.o@https://www.googletagservices.com/activeview/js/current/ufs_web_display.js?cache=r20110914:73:224
n.next@https://www.googletagservices.com/activeview/js/current/ufs_web_display.js?cache=r20110914:72:859
Sg/</</</<@https://www.googletagservices.com/activeview/js/current/ufs_web_display.js?cache=r20110914:136:458
Qa.prototype.Wb/<@https://www.googletagservices.com/activeview/js/current/ufs_web_display.js?cache=r20110914:43:298
Sg/</</<@https://www.googletagservices.com/activeview/js/current/ufs_web_display.js?cache=r20110914:136:467
n.Id@https://www.googletagservices.com/activeview/js/current/ufs_web_display.js?cache=r20110914:75:428
n.next@https://www.googletagservices.com/activeview/js/current/ufs_web_display.js?cache=r20110914:74:440
n.o@https://www.googletagservices.com/activeview/js/current/ufs_web_display.js?cache=r20110914:73:224
n.next@https://www.googletagservices.com/activeview/js/current/ufs_web_display.js?cache=r20110914:72:859
nd/</<@https://www.googletagservices.com/activeview/js/current/ufs_web_display.js?cache=r20110914:93:671

console.warn: LoginRecipes: "Falling back to a synchronous message for: https://magento.softwaretestingboard.com."
console.warn: LoginRecipes: "Falling back to a synchronous message for: https://magento.softwaretestingboard.com."
JavaScript error: , line 0: uncaught exception: undefined
JavaScript warning: https://www.googletagservices.com/activeview/js/current/ufs_web_display.js?cache=r20110914, line 78: Script terminated by timeout at:
n.next@https://www.googletagservices.com/activeview/js/current/ufs_web_display.js?cache=r20110914:78:903
n.o@https://www.googletagservices.com/activeview/js/current/ufs_web_display.js?cache=r20110914:73:224
n.next@https://www.googletagservices.com/activeview/js/current/ufs_web_display.js?cache=r20110914:72:859
next@https://www.googletagservices.com/activeview/js/current/ufs_web_display.js?cache=r20110914:107:484
n.o@https://www.googletagservices.com/activeview/js/current/ufs_web_display.js?cache=r20110914:73:224
n.next@https://www.googletagservices.com/activeview/js/current/ufs_web_display.js?cache=r20110914:72:859
next@https://www.googletagservices.com/activeview/js/current/ufs_web_display.js?cache=r20110914:107:484
n.o@https://www.googletagservices.com/activeview/js/current/ufs_web_display.js?cache=r20110914:73:224
n.next@https://www.googletagservices.com/activeview/js/current/ufs_web_display.js?cache=r20110914:72:859
next@https://www.googletagservices.com/activeview/js/current/ufs_web_display.js?cache=r20110914:107:484
n.o@https://www.googletagservices.com/activeview/js/current/ufs_web_display.js?cache=r20110914:73:224
n.next@https://www.googletagservices.com/activeview/js/current/ufs_web_display.js?cache=r20110914:72:859
next@https://www.googletagservices.com/activeview/js/current/ufs_web_display.js?cache=r20110914:107:484
n.o@https://www.googletagservices.com/activeview/js/current/ufs_web_display.js?cache=r20110914:73:224
n.next@https://www.googletagservices.com/activeview/js/current/ufs_web_display.js?cache=r20110914:72:859
next@https://www.googletagservices.com/activeview/js/current/ufs_web_display.js?cache=r20110914:107:484
n.o@https://www.googletagservices.com/activeview/js/current/ufs_web_display.js?cache=r20110914:73:224
n.next@https://www.googletagservices.com/activeview/js/current/ufs_web_display.js?cache=r20110914:72:859
next@https://www.googletagservices.com/activeview/js/current/ufs_web_display.js?cache=r20110914:107:484
n.o@https://www.googletagservices.com/activeview/js/current/ufs_web_display.js?cache=r20110914:73:224
n.next@https://www.googletagservices.com/activeview/js/current/ufs_web_display.js?cache=r20110914:72:859
n.ua@https://www.googletagservices.com/activeview/js/current/ufs_web_display.js?cache=r20110914:117:219
Vc.prototype.o@https://www.googletagservices.com/activeview/js/current/ufs_web_display.js?cache=r20110914:87:1054
n.next@https://www.googletagservices.com/activeview/js/current/ufs_web_display.js?cache=r20110914:72:859
Lc.prototype.o@https://www.googletagservices.com/activeview/js/current/ufs_web_display.js?cache=r20110914:85:601
n.next@https://www.googletagservices.com/activeview/js/current/ufs_web_display.js?cache=r20110914:72:859
Ih/c/</</<@https://www.googletagservices.com/activeview/js/current/ufs_web_display.js?cache=r20110914:150:320
Va@https://www.googletagservices.com/activeview/js/current/ufs_web_display.js?cache=r20110914:44:339
Sa.prototype.flush@https://www.googletagservices.com/activeview/js/current/ufs_web_display.js?cache=r20110914:44:127
Ua@https://www.googletagservices.com/activeview/js/current/ufs_web_display.js?cache=r20110914:43:466
Ih/c/</<@https://www.googletagservices.com/activeview/js/current/ufs_web_display.js?cache=r20110914:150:292
n.Id@https://www.googletagservices.com/activeview/js/current/ufs_web_display.js?cache=r20110914:75:428
n.next@https://www.googletagservices.com/activeview/js/current/ufs_web_display.js?cache=r20110914:74:440
n.o@https://www.googletagservices.com/activeview/js/current/ufs_web_display.js?cache=r20110914:73:224
n.next@https://www.googletagservices.com/activeview/js/current/ufs_web_display.js?cache=r20110914:72:859
Sg/</</</<@https://www.googletagservices.com/activeview/js/current/ufs_web_display.js?cache=r20110914:136:458
Qa.prototype.Wb/<@https://www.googletagservices.com/activeview/js/current/ufs_web_display.js?cache=r20110914:43:298
Sg/</</<@https://www.googletagservices.com/activeview/js/current/ufs_web_display.js?cache=r20110914:136:467
n.Id@https://www.googletagservices.com/activeview/js/current/ufs_web_display.js?cache=r20110914:75:428
n.next@https://www.googletagservices.com/activeview/js/current/ufs_web_display.js?cache=r20110914:74:440
n.o@https://www.googletagservices.com/activeview/js/current/ufs_web_display.js?cache=r20110914:73:224
n.next@https://www.googletagservices.com/activeview/js/current/ufs_web_display.js?cache=r20110914:72:859
Sg/</</</<@https://www.googletagservices.com/activeview/js/current/ufs_web_display.js?cache=r20110914:136:458
Qa.prototype.Wb/<@https://www.googletagservices.com/activeview/js/current/ufs_web_display.js?cache=r20110914:43:298
Sg/</</<@https://www.googletagservices.com/activeview/js/current/ufs_web_display.js?cache=r20110914:136:467
n.Id@https://www.googletagservices.com/activeview/js/current/ufs_web_display.js?cache=r20110914:75:428
n.next@https://www.googletagservices.com/activeview/js/current/ufs_web_display.js?cache=r20110914:74:440
n.o@https://www.googletagservices.com/activeview/js/current/ufs_web_display.js?cache=r20110914:73:224
n.next@https://www.googletagservices.com/activeview/js/current/ufs_web_display.js?cache=r20110914:72:859
nd/</<@https://www.googletagservices.com/activeview/js/current/ufs_web_display.js?cache=r20110914:93:671

JavaScript warning: https://pagead2.googlesyndication.com/bg/Dtt_-LR3WxpzwV0Gscftq1A_D1owstvxoTnWWhwY4Ow.js line 2 > eval line 3558 > eval line 1 > eval line 1 > eval, line 1: WEBGL_debug_renderer_info is deprecated in Firefox and will be removed. Please use RENDERER.
1702157451530	addons.xpi	ERROR	System addon update list error SyntaxError: XMLHttpRequest.open: 'http://%(server)s/dummy-system-addons.xml' is not a valid URL.
