1702761321446	geckodriver	INFO	Listening on 127.0.0.1:57200
1702761324506	mozrunner::runner	INFO	Running command: "C:\\Program Files\\Mozilla Firefox\\firefox.exe" "--marionette" "--remote-debugging-port" "57201" "--remote-allow-hosts" "localhost" "-no-remote" "-profile" "C:\\Users\\omistaja\\AppData\\Local\\Temp\\rust_mozprofileNAd00Q"
console.warn: services.settings: Ignoring preference override of remote settings server
console.warn: services.settings: Allow by setting MOZ_REMOTE_SETTINGS_DEVTOOLS=1 in the environment
1702761324823	Marionette	INFO	Marionette enabled
Dynamically enable window occlusion 0
1702761324936	Marionette	INFO	Listening on port 57212
WebDriver BiDi listening on ws://127.0.0.1:57201
Read port: 57212
1702761325098	RemoteAgent	WARN	TLS certificate errors will be ignored for this session
DevTools listening on ws://127.0.0.1:57201/devtools/browser/26e86646-57cc-46ab-9062-5fc20c3487c1
JavaScript error: https://magento.softwaretestingboard.com/pub/static/version1695896754/frontend/Magento/luma/en_US/requirejs/require.js, line 16: Error: Script error for: Magento_Persistent/js/view/customer-data-mixin
http://requirejs.org/docs/errors.html#scripterror
JavaScript error: https://magento.softwaretestingboard.com/pub/static/version1695896754/frontend/Magento/luma/en_US/requirejs/require.js, line 16: Error: Script error for: Magento_Customer/js/customer-data
http://requirejs.org/docs/errors.html#scripterror
console.warn: LoginRecipes: "Falling back to a synchronous message for: https://magento.softwaretestingboard.com."
console.warn: LoginRecipes: "Falling back to a synchronous message for: https://magento.softwaretestingboard.com."
JavaScript error: https://magento.softwaretestingboard.com/pub/static/version1695896754/frontend/Magento/luma/en_US/requirejs/require.js, line 16: Error: Script error for: Magento_Ui/js/lib/knockout/bindings/tooltip
http://requirejs.org/docs/errors.html#scripterror
JavaScript error: https://magento.softwaretestingboard.com/pub/static/version1695896754/frontend/Magento/luma/en_US/requirejs/require.js, line 16: Error: Script error for: Magento_Ui/js/lib/knockout/bindings/color-picker
http://requirejs.org/docs/errors.html#scripterror
JavaScript error: https://magento.softwaretestingboard.com/pub/static/version1695896754/frontend/Magento/luma/en_US/requirejs/require.js, line 16: Error: Script error for: Magento_Ui/js/lib/core/class
http://requirejs.org/docs/errors.html#scripterror
JavaScript error: https://magento.softwaretestingboard.com/pub/static/version1695896754/frontend/Magento/luma/en_US/requirejs/require.js, line 16: Error: Script error for: Magento_Ui/js/lib/core/storage/local
http://requirejs.org/docs/errors.html#scripterror
JavaScript error: https://magento.softwaretestingboard.com/pub/static/version1695896754/frontend/Magento/luma/en_US/requirejs/require.js, line 16: Error: Script error for: Magento_Ui/js/lib/view/utils/async
http://requirejs.org/docs/errors.html#scripterror
JavaScript error: https://magento.softwaretestingboard.com/pub/static/version1695896754/frontend/Magento/luma/en_US/requirejs/require.js, line 16: Error: Script error for: Magento_Ui/js/lib/registry/registry
http://requirejs.org/docs/errors.html#scripterror
JavaScript error: https://magento.softwaretestingboard.com/pub/static/version1695896754/frontend/Magento/luma/en_US/requirejs/require.js, line 16: Error: Script error for: jquery-ui-modules/slider
http://requirejs.org/docs/errors.html#scripterror
JavaScript error: https://magento.softwaretestingboard.com/pub/static/version1695896754/frontend/Magento/luma/en_US/requirejs/require.js, line 16: Error: Script error for: Magento_Ui/js/lib/knockout/template/loader
http://requirejs.org/docs/errors.html#scripterror
JavaScript error: https://magento.softwaretestingboard.com/pub/static/version1695896754/frontend/Magento/luma/en_US/requirejs/require.js, line 16: Error: Script error for: Magento_Ui/js/lib/logger/logger
http://requirejs.org/docs/errors.html#scripterror
JavaScript error: https://magento.softwaretestingboard.com/pub/static/version1695896754/frontend/Magento/luma/en_US/requirejs/require.js, line 16: Error: Script error for: Magento_Ui/js/lib/logger/entry-factory
http://requirejs.org/docs/errors.html#scripterror
JavaScript error: https://magento.softwaretestingboard.com/pub/static/version1695896754/frontend/Magento/luma/en_US/requirejs/require.js, line 16: Error: Script error for: Magento_Ui/js/lib/logger/console-output-handler
http://requirejs.org/docs/errors.html#scripterror
JavaScript error: https://magento.softwaretestingboard.com/pub/static/version1695896754/frontend/Magento/luma/en_US/requirejs/require.js, line 16: Error: Script error for: Magento_Ui/js/lib/logger/formatter
http://requirejs.org/docs/errors.html#scripterror
JavaScript error: https://magento.softwaretestingboard.com/pub/static/version1695896754/frontend/Magento/luma/en_US/requirejs/require.js, line 16: Error: Script error for: Magento_Ui/js/lib/logger/message-pool
http://requirejs.org/docs/errors.html#scripterror
JavaScript error: https://magento.softwaretestingboard.com/pub/static/version1695896754/frontend/Magento/luma/en_US/requirejs/require.js, line 16: Error: Script error for: Magento_Ui/js/lib/logger/levels-pool
http://requirejs.org/docs/errors.html#scripterror
JavaScript error: https://magento.softwaretestingboard.com/pub/static/version1695896754/frontend/Magento/luma/en_US/requirejs/require.js, line 16: Error: Script error for: moment
http://requirejs.org/docs/errors.html#scripterror
JavaScript error: https://magento.softwaretestingboard.com/pub/static/version1695896754/frontend/Magento/luma/en_US/requirejs/require.js, line 16: Error: Script error for: mage/utils/main
http://requirejs.org/docs/errors.html#scripterror
JavaScript error: https://magento.softwaretestingboard.com/pub/static/version1695896754/frontend/Magento/luma/en_US/requirejs/require.js, line 16: Error: Script error for: mage/calendar
http://requirejs.org/docs/errors.html#scripterror
JavaScript error: https://magento.softwaretestingboard.com/pub/static/version1695896754/frontend/Magento/luma/en_US/requirejs/require.js, line 16: Error: Script error for: Magento_Ui/js/lib/logger/logger-utils
http://requirejs.org/docs/errors.html#scripterror
console.warn: LoginRecipes: "Falling back to a synchronous message for: https://magento.softwaretestingboard.com."
console.warn: LoginRecipes: "Falling back to a synchronous message for: https://magento.softwaretestingboard.com."
JavaScript error: https://magento.softwaretestingboard.com/pub/static/version1695896754/frontend/Magento/luma/en_US/requirejs/require.js, line 16: Error: Script error for: Magento_Ui/js/core/renderer/layout
http://requirejs.org/docs/errors.html#scripterror
JavaScript error: https://magento.softwaretestingboard.com/pub/static/version1695896754/frontend/Magento/luma/en_US/requirejs/require.js, line 16: Error: Script error for: mage/storage
http://requirejs.org/docs/errors.html#scripterror
JavaScript error: https://magento.softwaretestingboard.com/pub/static/version1695896754/frontend/Magento/luma/en_US/requirejs/require.js, line 16: Error: Script error for: Magento_Ui/js/core/renderer/types
http://requirejs.org/docs/errors.html#scripterror
JavaScript error: resource://gre/modules/XULStore.sys.mjs, line 60: Error: Can't find profile directory.
1702761355064	addons.xpi	ERROR	System addon update list error SyntaxError: XMLHttpRequest.open: 'http://%(server)s/dummy-system-addons.xml' is not a valid URL.
JavaScript warning: https://connect.facebook.net/en_US/fbevents.js, line 24: Script terminated by timeout at:
value@https://connect.facebook.net/en_US/fbevents.js:24:7878
@https://connect.facebook.net/en_US/fbevents.js:24:69164

1702761357175	Marionette	INFO	Stopped listening on port 57212
Dynamically enable window occlusion 1
console.error: services.settings: 
  main/fxmonitor-breaches Signature failed  TypeError: NetworkError: Network request failed
console.error: services.settings: 
  Message: NetworkError: Network error: TypeError: NetworkError: Network request failed
  Stack:
    APIError@resource://services-settings/RemoteSettingsClient.sys.mjs:107:1
NetworkError@resource://services-settings/RemoteSettingsClient.sys.mjs:111:5
_adjustedError@resource://services-settings/RemoteSettingsClient.sys.mjs:907:14
maybeSync@resource://services-settings/RemoteSettingsClient.sys.mjs:812:38

console.warn: services.settings: main/url-classifier-skip-urls sync interrupted by shutdown
console.error: (new AbortError("IndexedDB: main/nimbus-web-experiments getLastModified() IndexedDB:  execute() A request was aborted, for example through a call to IDBTransaction.abort.", "resource://services-settings/IDBHelpers.sys.mjs", 16))
